open_file/intermediates/manifest_merge_blame_file/debug/manifest-merger-blame-debug-report.txt
1<?xml version="1.0" encoding="utf-8"?>
2<manifest xmlns:android="http://schemas.android.com/apk/res/android"
3    xmlns:tools="http://schemas.android.com/tools"
4    package="com.crazecoder.openfile" >
5
6    <uses-sdk
7        android:minSdkVersion="16"
7-->src\main\AndroidManifest.xml
8        android:targetSdkVersion="16" />
8-->src\main\AndroidManifest.xml
9
10    <application>
10-->src\main\AndroidManifest.xml:5:5-17:19
11        <provider
11-->src\main\AndroidManifest.xml:6:9-16:20
12            android:name="com.crazecoder.openfile.FileProvider"
12-->src\main\AndroidManifest.xml:7:13-64
13            android:authorities="${applicationId}.fileProvider.com.crazecoder.openfile"
13-->src\main\AndroidManifest.xml:8:13-88
14            android:exported="false"
14-->src\main\AndroidManifest.xml:9:13-37
15            android:grantUriPermissions="true"
15-->src\main\AndroidManifest.xml:10:13-47
16            tools:replace="android:authorities" >
16-->src\main\AndroidManifest.xml:11:13-48
17            <meta-data
17-->src\main\AndroidManifest.xml:12:13-15:20
18                android:name="android.support.FILE_PROVIDER_PATHS"
18-->src\main\AndroidManifest.xml:13:17-67
19                android:resource="@xml/filepaths" />
19-->src\main\AndroidManifest.xml:14:17-50
20        </provider>
21    </application>
22
23</manifest>